<?xml version='1.0' encoding='utf-8'?>
<testsuites name="Week 3 verified regression"><testsuite name="pytest" errors="0" failures="0" skipped="0" tests="4" time="650.872" timestamp="2026-09-24T06:43:21.774323+08:00" hostname="Armin-Matebook"><testcase classname="tests.test_week3_recovery" name="test_failure_after_gold_and_partial_product_with_new_batch" time="630.858" /><testcase classname="tests.test_week3_recovery" name="test_multicommit_revert_keeps_intermediate_product_grains" time="12.913" /><testcase classname="tests.test_week3_measurements" name="test_storage_accounts_for_active_history_cdf_logs_and_operational_files" time="3.324" /><testcase classname="tests.test_week3_measurements" name="test_validation_controls_consume_all_values_and_preserve_rejected_rows" time="3.021" /></testsuite><testsuite name="pytest" errors="0" failures="0" skipped="0" tests="16" time="566.528" timestamp="2026-09-24T06:43:50.998628+08:00" hostname="Armin-Matebook"><testcase classname="tests.test_correctness" name="test_geography_and_equal_station_weight" time="53.308" /><testcase classname="tests.test_correctness" name="test_ansi_safe_invalid_weather_and_schema" time="17.625" /><testcase classname="tests.test_correctness" name="test_quality_preserves_valid_duplicate_and_rejects_negative_duration" time="35.549" /><testcase classname="tests.test_correctness" name="test_trip_identity_preserves_null_positions_and_column_order" time="26.175" /><testcase classname="tests.test_correctness" name="test_six_queries_and_product_totals" time="160.812" /><testcase classname="tests.test_correctness" name="test_dst_calendar_has_23_elapsed_hours" time="0.595" /><testcase classname="tests.test_products" name="test_delta_products_metadata_refresh_and_query_equivalence" time="123.031" /><testcase classname="tests.test_experiments" name="test_benchmark_retains_trials_and_checks_equality" time="2.646" /><testcase classname="tests.test_verification" name="test_equality_ignores_order_and_allows_only_small_float_error" time="0.002" /><testcase classname="tests.test_week3_generator" name="test_generate_release_exact_counts_schema_timestamps_and_reproducibility" time="1.410" /><testcase classname="tests.test_week3_refresh" name="test_non_product_schema_change_skips_products" time="16.298" /><testcase classname="tests.test_week3_refresh" name="test_weather_code_change_refreshes_only_weather_product" time="16.326" /><testcase classname="tests.test_week3_refresh" name="test_insert_refreshes_all_products" time="16.490" /><testcase classname="tests.test_week3_validation" name="test_strict_raw_schema_rejects_unknown_and_incompatible_additions" time="0.069" /><testcase classname="tests.test_week3_validation" name="test_missing_zone_and_incomplete_trip_are_quarantined" time="50.280" /><testcase classname="tests.test_week3_validation" name="test_weather_incremental_merge_schema_quarantine_and_idempotence" time="45.123" /></testsuite></testsuites>